[2023-04-17 09:20:26.3616]|User|INFO|Microsoft.Hosting.Lifetime|Now listening on: https://localhost:7254 
[2023-04-17 09:20:26.3847]|User|INFO|Microsoft.Hosting.Lifetime|Now listening on: http://localhost:5009 
[2023-04-17 09:20:26.3847]|User|INFO|Microsoft.Hosting.Lifetime|Application started. Press Ctrl+C to shut down. 
[2023-04-17 09:20:26.3847]|User|INFO|Microsoft.Hosting.Lifetime|Hosting environment: Development 
[2023-04-17 09:20:26.3847]|User|INFO|Microsoft.Hosting.Lifetime|Content root path: C:\Users\User\Desktop\קורס סלע\FinalProject\WebAirportServer\WebAirportServer\WebAirportServer 
[2023-04-17 09:20:38.7773]|User|INFO|WebAirportServer.Models.Flight|Flight number d4e19e5e-36b6-4817-a23e-3d942d5487be is created 
[2023-04-17 09:20:39.0221]|User|INFO|WebAirportServer.Repositories.FlightRepo|d4e19e5e-36b6-4817-a23e-3d942d5487be: 1 (17/04/2023 09:20:39) 
[2023-04-17 09:20:42.1013]|User|INFO|WebAirportServer.Repositories.FlightRepo|d4e19e5e-36b6-4817-a23e-3d942d5487be: 2 (17/04/2023 09:20:42) 
[2023-04-17 09:20:47.1220]|User|INFO|WebAirportServer.Repositories.FlightRepo|d4e19e5e-36b6-4817-a23e-3d942d5487be: 3 (17/04/2023 09:20:47) 
[2023-04-17 09:20:50.5301]|User|INFO|WebAirportServer.Models.Flight|Flight number 95a84561-7013-4c5e-8da7-064a96f9fa91 is created 
[2023-04-17 09:20:50.5350]|User|INFO|WebAirportServer.Repositories.FlightRepo|95a84561-7013-4c5e-8da7-064a96f9fa91: 1 (17/04/2023 09:20:50) 
[2023-04-17 09:20:53.1346]|User|INFO|WebAirportServer.Repositories.FlightRepo|d4e19e5e-36b6-4817-a23e-3d942d5487be: 4 (17/04/2023 09:20:53) 
[2023-04-17 09:20:53.5535]|User|INFO|WebAirportServer.Repositories.FlightRepo|95a84561-7013-4c5e-8da7-064a96f9fa91: 2 (17/04/2023 09:20:53) 
[2023-04-17 09:20:58.1582]|User|INFO|WebAirportServer.Repositories.FlightRepo|d4e19e5e-36b6-4817-a23e-3d942d5487be: 5 (17/04/2023 09:20:58) 
[2023-04-17 09:20:58.5773]|User|INFO|WebAirportServer.Repositories.FlightRepo|95a84561-7013-4c5e-8da7-064a96f9fa91: 3 (17/04/2023 09:20:58) 
[2023-04-17 09:21:02.1874]|User|INFO|WebAirportServer.Repositories.FlightRepo|d4e19e5e-36b6-4817-a23e-3d942d5487be: 6 (17/04/2023 09:21:02) 
[2023-04-17 09:21:02.5289]|User|INFO|WebAirportServer.Models.Flight|Flight number 756fff0e-948c-4a5a-95b7-c301b1412c10 is created 
[2023-04-17 09:21:02.5289]|User|INFO|WebAirportServer.Repositories.FlightRepo|756fff0e-948c-4a5a-95b7-c301b1412c10: 1 (17/04/2023 09:21:02) 
[2023-04-17 09:21:04.5959]|User|INFO|WebAirportServer.Repositories.FlightRepo|95a84561-7013-4c5e-8da7-064a96f9fa91: 4 (17/04/2023 09:21:04) 
[2023-04-17 09:21:05.5543]|User|INFO|WebAirportServer.Repositories.FlightRepo|756fff0e-948c-4a5a-95b7-c301b1412c10: 2 (17/04/2023 09:21:05) 
[2023-04-17 09:21:09.2137]|User|INFO|WebAirportServer.Repositories.FlightRepo|d4e19e5e-36b6-4817-a23e-3d942d5487be: 8 (17/04/2023 09:21:09) 
[2023-04-17 09:21:09.6234]|User|INFO|WebAirportServer.Repositories.FlightRepo|95a84561-7013-4c5e-8da7-064a96f9fa91: 5 (17/04/2023 09:21:09) 
[2023-04-17 09:21:10.5760]|User|INFO|WebAirportServer.Repositories.FlightRepo|756fff0e-948c-4a5a-95b7-c301b1412c10: 3 (17/04/2023 09:21:10) 
[2023-04-17 09:21:11.2287]|User|INFO|WebAirportServer.Repositories.FlightRepo|d4e19e5e-36b6-4817-a23e-3d942d5487be: 4 (17/04/2023 09:21:11) 
[2023-04-17 09:21:13.6462]|User|INFO|WebAirportServer.Repositories.FlightRepo|95a84561-7013-4c5e-8da7-064a96f9fa91: 6 (17/04/2023 09:21:13) 
[2023-04-17 09:21:14.5310]|User|INFO|WebAirportServer.Models.Flight|Flight number 95f06e84-96bd-4a5c-ba15-5bd31e72bdc2 is created 
[2023-04-17 09:21:14.5341]|User|INFO|WebAirportServer.Repositories.FlightRepo|95f06e84-96bd-4a5c-ba15-5bd31e72bdc2: 1 (17/04/2023 09:21:14) 
[2023-04-17 09:21:16.2568]|User|INFO|WebAirportServer.Repositories.FlightRepo|d4e19e5e-36b6-4817-a23e-3d942d5487be: Departure from 4 
[2023-04-17 09:21:16.6035]|User|INFO|WebAirportServer.Repositories.FlightRepo|756fff0e-948c-4a5a-95b7-c301b1412c10: 4 (17/04/2023 09:21:16) 
[2023-04-17 09:21:17.5528]|User|INFO|WebAirportServer.Repositories.FlightRepo|95f06e84-96bd-4a5c-ba15-5bd31e72bdc2: 2 (17/04/2023 09:21:17) 
[2023-04-17 09:21:20.6676]|User|INFO|WebAirportServer.Repositories.FlightRepo|95a84561-7013-4c5e-8da7-064a96f9fa91: 8 (17/04/2023 09:21:20) 
[2023-04-17 09:21:21.6114]|User|INFO|WebAirportServer.Repositories.FlightRepo|756fff0e-948c-4a5a-95b7-c301b1412c10: 5 (17/04/2023 09:21:21) 
[2023-04-17 09:21:22.5664]|User|INFO|WebAirportServer.Repositories.FlightRepo|95f06e84-96bd-4a5c-ba15-5bd31e72bdc2: 3 (17/04/2023 09:21:22) 
[2023-04-17 09:21:22.6751]|User|INFO|WebAirportServer.Repositories.FlightRepo|95a84561-7013-4c5e-8da7-064a96f9fa91: 4 (17/04/2023 09:21:22) 
[2023-04-17 09:21:25.6322]|User|INFO|WebAirportServer.Repositories.FlightRepo|756fff0e-948c-4a5a-95b7-c301b1412c10: 6 (17/04/2023 09:21:25) 
[2023-04-17 09:21:26.5175]|User|INFO|WebAirportServer.Models.Flight|Flight number 03a1ff58-90f7-4ee2-9737-68619febb49c is created 
[2023-04-17 09:21:26.5203]|User|INFO|WebAirportServer.Repositories.FlightRepo|03a1ff58-90f7-4ee2-9737-68619febb49c: 1 (17/04/2023 09:21:26) 
[2023-04-17 09:21:27.6987]|User|INFO|WebAirportServer.Repositories.FlightRepo|95a84561-7013-4c5e-8da7-064a96f9fa91: Departure from 4 
[2023-04-17 09:21:28.5949]|User|INFO|WebAirportServer.Repositories.FlightRepo|95f06e84-96bd-4a5c-ba15-5bd31e72bdc2: 4 (17/04/2023 09:21:28) 
[2023-04-17 09:21:29.5361]|User|INFO|WebAirportServer.Repositories.FlightRepo|03a1ff58-90f7-4ee2-9737-68619febb49c: 2 (17/04/2023 09:21:29) 
[2023-04-17 09:21:32.6418]|User|INFO|WebAirportServer.Repositories.FlightRepo|756fff0e-948c-4a5a-95b7-c301b1412c10: 8 (17/04/2023 09:21:32) 
[2023-04-17 09:21:33.6104]|User|INFO|WebAirportServer.Repositories.FlightRepo|95f06e84-96bd-4a5c-ba15-5bd31e72bdc2: 5 (17/04/2023 09:21:33) 
[2023-04-17 09:21:34.5620]|User|INFO|WebAirportServer.Repositories.FlightRepo|03a1ff58-90f7-4ee2-9737-68619febb49c: 3 (17/04/2023 09:21:34) 
[2023-04-17 09:21:34.6551]|User|INFO|WebAirportServer.Repositories.FlightRepo|756fff0e-948c-4a5a-95b7-c301b1412c10: 4 (17/04/2023 09:21:34) 
[2023-04-17 09:21:37.6206]|User|INFO|WebAirportServer.Repositories.FlightRepo|95f06e84-96bd-4a5c-ba15-5bd31e72bdc2: 6 (17/04/2023 09:21:37) 
[2023-04-17 09:21:38.5113]|User|INFO|WebAirportServer.Models.Flight|Flight number 9a7809c8-5739-4495-a057-86c7bc347529 is created 
[2023-04-17 09:21:38.5113]|User|INFO|WebAirportServer.Repositories.FlightRepo|9a7809c8-5739-4495-a057-86c7bc347529: 1 (17/04/2023 09:21:38) 
[2023-04-17 09:21:39.6764]|User|INFO|WebAirportServer.Repositories.FlightRepo|756fff0e-948c-4a5a-95b7-c301b1412c10: Departure from 4 
[2023-04-17 09:21:40.5873]|User|INFO|WebAirportServer.Repositories.FlightRepo|03a1ff58-90f7-4ee2-9737-68619febb49c: 4 (17/04/2023 09:21:40) 
[2023-04-17 09:21:41.5266]|User|INFO|WebAirportServer.Repositories.FlightRepo|9a7809c8-5739-4495-a057-86c7bc347529: 2 (17/04/2023 09:21:41) 
[2023-04-17 09:21:44.6471]|User|INFO|WebAirportServer.Repositories.FlightRepo|95f06e84-96bd-4a5c-ba15-5bd31e72bdc2: 8 (17/04/2023 09:21:44) 
[2023-04-17 09:21:45.6177]|User|INFO|WebAirportServer.Repositories.FlightRepo|03a1ff58-90f7-4ee2-9737-68619febb49c: 5 (17/04/2023 09:21:45) 
[2023-04-17 09:21:46.5532]|User|INFO|WebAirportServer.Repositories.FlightRepo|9a7809c8-5739-4495-a057-86c7bc347529: 3 (17/04/2023 09:21:46) 
[2023-04-17 09:21:46.6637]|User|INFO|WebAirportServer.Repositories.FlightRepo|95f06e84-96bd-4a5c-ba15-5bd31e72bdc2: 4 (17/04/2023 09:21:46) 
[2023-04-17 09:21:49.6315]|User|INFO|WebAirportServer.Repositories.FlightRepo|03a1ff58-90f7-4ee2-9737-68619febb49c: 6 (17/04/2023 09:21:49) 
[2023-04-17 09:21:50.5169]|User|INFO|WebAirportServer.Models.Flight|Flight number ec8a96e2-40ba-4dd9-9a91-b279ba6b5b4e is created 
[2023-04-17 09:21:50.5201]|User|INFO|WebAirportServer.Repositories.FlightRepo|ec8a96e2-40ba-4dd9-9a91-b279ba6b5b4e: 1 (17/04/2023 09:21:50) 
[2023-04-17 09:21:51.6858]|User|INFO|WebAirportServer.Repositories.FlightRepo|95f06e84-96bd-4a5c-ba15-5bd31e72bdc2: Departure from 4 
[2023-04-17 09:21:52.5705]|User|INFO|WebAirportServer.Repositories.FlightRepo|9a7809c8-5739-4495-a057-86c7bc347529: 4 (17/04/2023 09:21:52) 
[2023-04-17 09:21:53.5316]|User|INFO|WebAirportServer.Repositories.FlightRepo|ec8a96e2-40ba-4dd9-9a91-b279ba6b5b4e: 2 (17/04/2023 09:21:53) 
[2023-04-17 09:23:43.3289]|User|INFO|Microsoft.Hosting.Lifetime|Now listening on: https://localhost:7254 
[2023-04-17 09:23:43.3460]|User|INFO|Microsoft.Hosting.Lifetime|Now listening on: http://localhost:5009 
[2023-04-17 09:23:43.3475]|User|INFO|Microsoft.Hosting.Lifetime|Application started. Press Ctrl+C to shut down. 
[2023-04-17 09:23:43.3475]|User|INFO|Microsoft.Hosting.Lifetime|Hosting environment: Development 
[2023-04-17 09:23:43.3475]|User|INFO|Microsoft.Hosting.Lifetime|Content root path: C:\Users\User\Desktop\קורס סלע\FinalProject\WebAirportServer\WebAirportServer\WebAirportServer 
[2023-04-17 09:23:54.7525]|User|INFO|WebAirportServer.Models.Flight|Flight number 423a47cd-dfbe-42fa-890f-81025fed66c4 is created 
[2023-04-17 09:23:54.9300]|User|INFO|WebAirportServer.Repositories.FlightRepo|423a47cd-dfbe-42fa-890f-81025fed66c4: 1 (17/04/2023 09:23:54) 
[2023-04-17 09:23:57.9949]|User|INFO|WebAirportServer.Repositories.FlightRepo|423a47cd-dfbe-42fa-890f-81025fed66c4: 2 (17/04/2023 09:23:57) 
[2023-04-17 09:24:01.0255]|User|INFO|WebAirportServer.Repositories.FlightRepo|423a47cd-dfbe-42fa-890f-81025fed66c4: 3 (17/04/2023 09:24:01) 
[2023-04-17 09:24:06.4378]|User|INFO|WebAirportServer.Models.Flight|Flight number 55f374a3-5cf7-4c97-a6b8-27ee7c9dd3f8 is created 
[2023-04-17 09:24:06.4415]|User|INFO|WebAirportServer.Repositories.FlightRepo|55f374a3-5cf7-4c97-a6b8-27ee7c9dd3f8: 1 (17/04/2023 09:24:06) 
[2023-04-17 09:24:07.0560]|User|INFO|WebAirportServer.Repositories.FlightRepo|423a47cd-dfbe-42fa-890f-81025fed66c4: 4 (17/04/2023 09:24:07) 
[2023-04-17 09:24:09.4621]|User|INFO|WebAirportServer.Repositories.FlightRepo|55f374a3-5cf7-4c97-a6b8-27ee7c9dd3f8: 2 (17/04/2023 09:24:09) 
[2023-04-17 09:24:12.0732]|User|INFO|WebAirportServer.Repositories.FlightRepo|423a47cd-dfbe-42fa-890f-81025fed66c4: 5 (17/04/2023 09:24:12) 
[2023-04-17 09:24:12.4754]|User|INFO|WebAirportServer.Repositories.FlightRepo|55f374a3-5cf7-4c97-a6b8-27ee7c9dd3f8: 3 (17/04/2023 09:24:12) 
[2023-04-17 09:24:16.0954]|User|INFO|WebAirportServer.Repositories.FlightRepo|423a47cd-dfbe-42fa-890f-81025fed66c4: 6 (17/04/2023 09:24:16) 
[2023-04-17 09:24:18.4464]|User|INFO|WebAirportServer.Models.Flight|Flight number c890e8e3-cc54-47f4-8cb7-11229b991e64 is created 
[2023-04-17 09:24:18.4464]|User|INFO|WebAirportServer.Repositories.FlightRepo|c890e8e3-cc54-47f4-8cb7-11229b991e64: 1 (17/04/2023 09:24:18) 
[2023-04-17 09:24:18.5001]|User|INFO|WebAirportServer.Repositories.FlightRepo|55f374a3-5cf7-4c97-a6b8-27ee7c9dd3f8: 4 (17/04/2023 09:24:18) 
[2023-04-17 09:24:21.4669]|User|INFO|WebAirportServer.Repositories.FlightRepo|c890e8e3-cc54-47f4-8cb7-11229b991e64: 2 (17/04/2023 09:24:21) 
[2023-04-17 09:24:23.1093]|User|INFO|WebAirportServer.Repositories.FlightRepo|423a47cd-dfbe-42fa-890f-81025fed66c4: 8 (17/04/2023 09:24:23) 
[2023-04-17 09:24:23.5146]|User|INFO|WebAirportServer.Repositories.FlightRepo|55f374a3-5cf7-4c97-a6b8-27ee7c9dd3f8: 5 (17/04/2023 09:24:23) 
[2023-04-17 09:24:24.4797]|User|INFO|WebAirportServer.Repositories.FlightRepo|c890e8e3-cc54-47f4-8cb7-11229b991e64: 3 (17/04/2023 09:24:24) 
[2023-04-17 09:24:25.1237]|User|INFO|WebAirportServer.Repositories.FlightRepo|423a47cd-dfbe-42fa-890f-81025fed66c4: 4 (17/04/2023 09:24:25) 
[2023-04-17 09:24:27.5284]|User|INFO|WebAirportServer.Repositories.FlightRepo|55f374a3-5cf7-4c97-a6b8-27ee7c9dd3f8: 6 (17/04/2023 09:24:27) 
[2023-04-17 09:24:30.1517]|User|INFO|WebAirportServer.Repositories.FlightRepo|423a47cd-dfbe-42fa-890f-81025fed66c4: Departure from 4 
[2023-04-17 09:24:30.4346]|User|INFO|WebAirportServer.Models.Flight|Flight number a795c33e-3c04-49a6-ba5f-aedc669cbadb is created 
[2023-04-17 09:24:30.4346]|User|INFO|WebAirportServer.Repositories.FlightRepo|a795c33e-3c04-49a6-ba5f-aedc669cbadb: 1 (17/04/2023 09:24:30) 
[2023-04-17 09:24:30.5151]|User|INFO|WebAirportServer.Repositories.FlightRepo|c890e8e3-cc54-47f4-8cb7-11229b991e64: 4 (17/04/2023 09:24:30) 
[2023-04-17 09:24:33.4553]|User|INFO|WebAirportServer.Repositories.FlightRepo|a795c33e-3c04-49a6-ba5f-aedc669cbadb: 2 (17/04/2023 09:24:33) 
[2023-04-17 09:24:34.5609]|User|INFO|WebAirportServer.Repositories.FlightRepo|55f374a3-5cf7-4c97-a6b8-27ee7c9dd3f8: 8 (17/04/2023 09:24:34) 
[2023-04-17 09:24:35.5298]|User|INFO|WebAirportServer.Repositories.FlightRepo|c890e8e3-cc54-47f4-8cb7-11229b991e64: 5 (17/04/2023 09:24:35) 
[2023-04-17 09:24:36.4799]|User|INFO|WebAirportServer.Repositories.FlightRepo|a795c33e-3c04-49a6-ba5f-aedc669cbadb: 3 (17/04/2023 09:24:36) 
[2023-04-17 09:24:36.5740]|User|INFO|WebAirportServer.Repositories.FlightRepo|55f374a3-5cf7-4c97-a6b8-27ee7c9dd3f8: 4 (17/04/2023 09:24:36) 
[2023-04-17 09:24:39.5460]|User|INFO|WebAirportServer.Repositories.FlightRepo|c890e8e3-cc54-47f4-8cb7-11229b991e64: 6 (17/04/2023 09:24:39) 
[2023-04-17 09:24:41.6019]|User|INFO|WebAirportServer.Repositories.FlightRepo|55f374a3-5cf7-4c97-a6b8-27ee7c9dd3f8: Departure from 4 
[2023-04-17 09:24:42.4299]|User|INFO|WebAirportServer.Models.Flight|Flight number 0a21d704-7d77-4ff6-b4af-b1bc869093fe is created 
[2023-04-17 09:24:42.4299]|User|INFO|WebAirportServer.Repositories.FlightRepo|0a21d704-7d77-4ff6-b4af-b1bc869093fe: 1 (17/04/2023 09:24:42) 
[2023-04-17 09:24:42.5092]|User|INFO|WebAirportServer.Repositories.FlightRepo|a795c33e-3c04-49a6-ba5f-aedc669cbadb: 4 (17/04/2023 09:24:42) 
[2023-04-17 09:24:45.4470]|User|INFO|WebAirportServer.Repositories.FlightRepo|0a21d704-7d77-4ff6-b4af-b1bc869093fe: 2 (17/04/2023 09:24:45) 
[2023-04-17 09:24:46.5818]|User|INFO|WebAirportServer.Repositories.FlightRepo|c890e8e3-cc54-47f4-8cb7-11229b991e64: 8 (17/04/2023 09:24:46) 
[2023-04-17 09:24:47.5378]|User|INFO|WebAirportServer.Repositories.FlightRepo|a795c33e-3c04-49a6-ba5f-aedc669cbadb: 5 (17/04/2023 09:24:47) 
[2023-04-17 09:24:48.4650]|User|INFO|WebAirportServer.Repositories.FlightRepo|0a21d704-7d77-4ff6-b4af-b1bc869093fe: 3 (17/04/2023 09:24:48) 
[2023-04-17 09:24:48.5919]|User|INFO|WebAirportServer.Repositories.FlightRepo|c890e8e3-cc54-47f4-8cb7-11229b991e64: 4 (17/04/2023 09:24:48) 
[2023-04-17 09:24:51.5587]|User|INFO|WebAirportServer.Repositories.FlightRepo|a795c33e-3c04-49a6-ba5f-aedc669cbadb: 6 (17/04/2023 09:24:51) 
[2023-04-17 09:24:53.6169]|User|INFO|WebAirportServer.Repositories.FlightRepo|c890e8e3-cc54-47f4-8cb7-11229b991e64: Departure from 4 
[2023-04-17 09:24:54.4285]|User|INFO|WebAirportServer.Models.Flight|Flight number b4d63cee-b1fc-4b79-a75e-eefd763720bd is created 
[2023-04-17 09:24:54.4285]|User|INFO|WebAirportServer.Repositories.FlightRepo|b4d63cee-b1fc-4b79-a75e-eefd763720bd: 1 (17/04/2023 09:24:54) 
[2023-04-17 09:24:54.4925]|User|INFO|WebAirportServer.Repositories.FlightRepo|0a21d704-7d77-4ff6-b4af-b1bc869093fe: 4 (17/04/2023 09:24:54) 
[2023-04-17 09:24:57.4550]|User|INFO|WebAirportServer.Repositories.FlightRepo|b4d63cee-b1fc-4b79-a75e-eefd763720bd: 2 (17/04/2023 09:24:57) 
[2023-04-17 09:24:58.5963]|User|INFO|WebAirportServer.Repositories.FlightRepo|a795c33e-3c04-49a6-ba5f-aedc669cbadb: 8 (17/04/2023 09:24:58) 
[2023-04-17 09:24:59.5143]|User|INFO|WebAirportServer.Repositories.FlightRepo|0a21d704-7d77-4ff6-b4af-b1bc869093fe: 5 (17/04/2023 09:24:59) 
[2023-04-17 09:25:00.4680]|User|INFO|WebAirportServer.Repositories.FlightRepo|b4d63cee-b1fc-4b79-a75e-eefd763720bd: 3 (17/04/2023 09:25:00) 
[2023-04-17 09:25:00.6077]|User|INFO|WebAirportServer.Repositories.FlightRepo|a795c33e-3c04-49a6-ba5f-aedc669cbadb: 4 (17/04/2023 09:25:00) 
[2023-04-17 09:25:03.5379]|User|INFO|WebAirportServer.Repositories.FlightRepo|0a21d704-7d77-4ff6-b4af-b1bc869093fe: 6 (17/04/2023 09:25:03) 
[2023-04-17 09:25:05.6249]|User|INFO|WebAirportServer.Repositories.FlightRepo|a795c33e-3c04-49a6-ba5f-aedc669cbadb: Departure from 4 
[2023-04-17 09:25:06.4284]|User|INFO|WebAirportServer.Models.Flight|Flight number dcf1db8b-0675-4b19-a03a-70254117513a is created 
[2023-04-17 09:25:06.4284]|User|INFO|WebAirportServer.Repositories.FlightRepo|dcf1db8b-0675-4b19-a03a-70254117513a: 1 (17/04/2023 09:25:06) 
[2023-04-17 09:25:06.4896]|User|INFO|WebAirportServer.Repositories.FlightRepo|b4d63cee-b1fc-4b79-a75e-eefd763720bd: 4 (17/04/2023 09:25:06) 
[2023-04-17 09:25:36.8551]|User|INFO|Microsoft.Hosting.Lifetime|Now listening on: https://localhost:7254 
[2023-04-17 09:25:36.8768]|User|INFO|Microsoft.Hosting.Lifetime|Now listening on: http://localhost:5009 
[2023-04-17 09:25:36.8787]|User|INFO|Microsoft.Hosting.Lifetime|Application started. Press Ctrl+C to shut down. 
[2023-04-17 09:25:36.8787]|User|INFO|Microsoft.Hosting.Lifetime|Hosting environment: Development 
[2023-04-17 09:25:36.8787]|User|INFO|Microsoft.Hosting.Lifetime|Content root path: C:\Users\User\Desktop\קורס סלע\FinalProject\WebAirportServer\WebAirportServer\WebAirportServer 
[2023-04-17 09:25:45.1249]|User|INFO|Microsoft.Hosting.Lifetime|Now listening on: https://localhost:7254 
[2023-04-17 09:25:45.1462]|User|INFO|Microsoft.Hosting.Lifetime|Now listening on: http://localhost:5009 
[2023-04-17 09:25:45.1462]|User|INFO|Microsoft.Hosting.Lifetime|Application started. Press Ctrl+C to shut down. 
[2023-04-17 09:25:45.1462]|User|INFO|Microsoft.Hosting.Lifetime|Hosting environment: Development 
[2023-04-17 09:25:45.1462]|User|INFO|Microsoft.Hosting.Lifetime|Content root path: C:\Users\User\Desktop\קורס סלע\FinalProject\WebAirportServer\WebAirportServer\WebAirportServer 
[2023-04-17 09:25:56.5635]|User|INFO|WebAirportServer.Models.Flight|Flight number 0b9c82cb-e1be-4b98-bb88-e5569024738b is created 
[2023-04-17 09:25:56.8144]|User|INFO|WebAirportServer.Repositories.FlightRepo|0b9c82cb-e1be-4b98-bb88-e5569024738b: 1 (17/04/2023 09:25:56) 
[2023-04-17 09:25:59.8739]|User|INFO|WebAirportServer.Repositories.FlightRepo|0b9c82cb-e1be-4b98-bb88-e5569024738b: 2 (17/04/2023 09:25:59) 
[2023-04-17 09:26:02.8960]|User|INFO|WebAirportServer.Repositories.FlightRepo|0b9c82cb-e1be-4b98-bb88-e5569024738b: 3 (17/04/2023 09:26:02) 
[2023-04-17 09:26:05.9131]|User|INFO|WebAirportServer.Repositories.FlightRepo|0b9c82cb-e1be-4b98-bb88-e5569024738b: 4 (17/04/2023 09:26:05) 
[2023-04-17 09:26:07.9263]|User|INFO|WebAirportServer.Repositories.FlightRepo|0b9c82cb-e1be-4b98-bb88-e5569024738b: 5 (17/04/2023 09:26:07) 
[2023-04-17 09:26:08.2322]|User|INFO|WebAirportServer.Models.Flight|Flight number 0f83edc6-4e30-49e3-855e-82f059ef6c60 is created 
[2023-04-17 09:26:08.2322]|User|INFO|WebAirportServer.Repositories.FlightRepo|0f83edc6-4e30-49e3-855e-82f059ef6c60: 1 (17/04/2023 09:26:08) 
[2023-04-17 09:26:11.2534]|User|INFO|WebAirportServer.Repositories.FlightRepo|0f83edc6-4e30-49e3-855e-82f059ef6c60: 2 (17/04/2023 09:26:11) 
[2023-04-17 09:26:11.9434]|User|INFO|WebAirportServer.Repositories.FlightRepo|0b9c82cb-e1be-4b98-bb88-e5569024738b: 6 (17/04/2023 09:26:11) 
[2023-04-17 09:26:14.2643]|User|INFO|WebAirportServer.Repositories.FlightRepo|0f83edc6-4e30-49e3-855e-82f059ef6c60: 3 (17/04/2023 09:26:14) 
[2023-04-17 09:26:17.2805]|User|INFO|WebAirportServer.Repositories.FlightRepo|0f83edc6-4e30-49e3-855e-82f059ef6c60: 4 (17/04/2023 09:26:17) 
[2023-04-17 09:26:18.9574]|User|INFO|WebAirportServer.Repositories.FlightRepo|0b9c82cb-e1be-4b98-bb88-e5569024738b: 8 (17/04/2023 09:26:18) 
[2023-04-17 09:26:19.2903]|User|INFO|WebAirportServer.Repositories.FlightRepo|0f83edc6-4e30-49e3-855e-82f059ef6c60: 5 (17/04/2023 09:26:19) 
[2023-04-17 09:26:20.2381]|User|INFO|WebAirportServer.Models.Flight|Flight number ee08c634-8397-451d-b9f6-4a7d03d70a2a is created 
[2023-04-17 09:26:20.2381]|User|INFO|WebAirportServer.Repositories.FlightRepo|ee08c634-8397-451d-b9f6-4a7d03d70a2a: 1 (17/04/2023 09:26:20) 
[2023-04-17 09:26:20.9695]|User|INFO|WebAirportServer.Repositories.FlightRepo|0b9c82cb-e1be-4b98-bb88-e5569024738b: 4 (17/04/2023 09:26:20) 
[2023-04-17 09:26:22.9858]|User|INFO|WebAirportServer.Repositories.FlightRepo|0b9c82cb-e1be-4b98-bb88-e5569024738b: Departure from 4 
[2023-04-17 09:26:23.2569]|User|INFO|WebAirportServer.Repositories.FlightRepo|ee08c634-8397-451d-b9f6-4a7d03d70a2a: 2 (17/04/2023 09:26:23) 
[2023-04-17 09:26:23.3041]|User|INFO|WebAirportServer.Repositories.FlightRepo|0f83edc6-4e30-49e3-855e-82f059ef6c60: 6 (17/04/2023 09:26:23) 
[2023-04-17 09:26:26.2705]|User|INFO|WebAirportServer.Repositories.FlightRepo|ee08c634-8397-451d-b9f6-4a7d03d70a2a: 3 (17/04/2023 09:26:26) 
[2023-04-17 09:26:48.5449]|User|INFO|Microsoft.Hosting.Lifetime|Now listening on: https://localhost:7254 
[2023-04-17 09:26:48.5637]|User|INFO|Microsoft.Hosting.Lifetime|Now listening on: http://localhost:5009 
[2023-04-17 09:26:48.5656]|User|INFO|Microsoft.Hosting.Lifetime|Application started. Press Ctrl+C to shut down. 
[2023-04-17 09:26:48.5656]|User|INFO|Microsoft.Hosting.Lifetime|Hosting environment: Development 
[2023-04-17 09:26:48.5656]|User|INFO|Microsoft.Hosting.Lifetime|Content root path: C:\Users\User\Desktop\קורס סלע\FinalProject\WebAirportServer\WebAirportServer\WebAirportServer 
[2023-04-17 09:26:55.7481]|User|INFO|WebAirportServer.Models.Flight|Flight number da0a46a0-3fe8-4d3f-aeec-59c99beb4357 is created 
[2023-04-17 09:26:55.9354]|User|INFO|WebAirportServer.Repositories.FlightRepo|da0a46a0-3fe8-4d3f-aeec-59c99beb4357: 1 (17/04/2023 09:26:55) 
[2023-04-17 09:26:59.0140]|User|INFO|WebAirportServer.Repositories.FlightRepo|da0a46a0-3fe8-4d3f-aeec-59c99beb4357: 2 (17/04/2023 09:26:59) 
[2023-04-17 09:27:01.4655]|User|INFO|WebAirportServer.Models.Flight|Flight number 82c14103-1678-4b57-bdca-53d4c65b4c99 is created 
[2023-04-17 09:27:01.4762]|User|INFO|WebAirportServer.Repositories.FlightRepo|82c14103-1678-4b57-bdca-53d4c65b4c99: 1 (17/04/2023 09:27:01) 
[2023-04-17 09:27:02.0418]|User|INFO|WebAirportServer.Repositories.FlightRepo|da0a46a0-3fe8-4d3f-aeec-59c99beb4357: 3 (17/04/2023 09:27:02) 
[2023-04-17 09:27:04.4885]|User|INFO|WebAirportServer.Repositories.FlightRepo|82c14103-1678-4b57-bdca-53d4c65b4c99: 2 (17/04/2023 09:27:04) 
[2023-04-17 09:27:05.0616]|User|INFO|WebAirportServer.Repositories.FlightRepo|da0a46a0-3fe8-4d3f-aeec-59c99beb4357: 4 (17/04/2023 09:27:05) 
[2023-04-17 09:27:07.0796]|User|INFO|WebAirportServer.Repositories.FlightRepo|da0a46a0-3fe8-4d3f-aeec-59c99beb4357: 5 (17/04/2023 09:27:07) 
[2023-04-17 09:27:07.4521]|User|INFO|WebAirportServer.Models.Flight|Flight number 8fda92f3-6aeb-46bf-a726-7e591582c44c is created 
[2023-04-17 09:27:07.4521]|User|INFO|WebAirportServer.Repositories.FlightRepo|8fda92f3-6aeb-46bf-a726-7e591582c44c: 1 (17/04/2023 09:27:07) 
[2023-04-17 09:27:07.5090]|User|INFO|WebAirportServer.Repositories.FlightRepo|82c14103-1678-4b57-bdca-53d4c65b4c99: 3 (17/04/2023 09:27:07) 
[2023-04-17 09:27:10.4677]|User|INFO|WebAirportServer.Repositories.FlightRepo|8fda92f3-6aeb-46bf-a726-7e591582c44c: 2 (17/04/2023 09:27:10) 
[2023-04-17 09:27:10.5146]|User|INFO|WebAirportServer.Repositories.FlightRepo|82c14103-1678-4b57-bdca-53d4c65b4c99: 4 (17/04/2023 09:27:10) 
[2023-04-17 09:27:11.0931]|User|INFO|WebAirportServer.Repositories.FlightRepo|da0a46a0-3fe8-4d3f-aeec-59c99beb4357: 6 (17/04/2023 09:27:11) 
[2023-04-17 09:27:12.5353]|User|INFO|WebAirportServer.Repositories.FlightRepo|82c14103-1678-4b57-bdca-53d4c65b4c99: 5 (17/04/2023 09:27:12) 
[2023-04-17 09:27:13.4605]|User|INFO|WebAirportServer.Models.Flight|Flight number efd1f165-0aa8-47b8-8e4a-7381aaa0ba23 is created 
[2023-04-17 09:27:13.4605]|User|INFO|WebAirportServer.Repositories.FlightRepo|efd1f165-0aa8-47b8-8e4a-7381aaa0ba23: 1 (17/04/2023 09:27:13) 
[2023-04-17 09:27:13.4873]|User|INFO|WebAirportServer.Repositories.FlightRepo|8fda92f3-6aeb-46bf-a726-7e591582c44c: 3 (17/04/2023 09:27:13) 
[2023-04-17 09:27:16.4952]|User|INFO|WebAirportServer.Repositories.FlightRepo|efd1f165-0aa8-47b8-8e4a-7381aaa0ba23: 2 (17/04/2023 09:27:16) 
[2023-04-17 09:27:16.5108]|User|INFO|WebAirportServer.Repositories.FlightRepo|8fda92f3-6aeb-46bf-a726-7e591582c44c: 4 (17/04/2023 09:27:16) 
[2023-04-17 09:27:16.5582]|User|INFO|WebAirportServer.Repositories.FlightRepo|82c14103-1678-4b57-bdca-53d4c65b4c99: 6 (17/04/2023 09:27:16) 
[2023-04-17 09:27:18.1155]|User|INFO|WebAirportServer.Repositories.FlightRepo|da0a46a0-3fe8-4d3f-aeec-59c99beb4357: 8 (17/04/2023 09:27:18) 
[2023-04-17 09:27:18.5188]|User|INFO|WebAirportServer.Repositories.FlightRepo|8fda92f3-6aeb-46bf-a726-7e591582c44c: 5 (17/04/2023 09:27:18) 
[2023-04-17 09:27:19.4596]|User|INFO|WebAirportServer.Models.Flight|Flight number f4a9f636-0cb4-4906-a737-6681dfc28b66 is created 
[2023-04-17 09:27:19.4596]|User|INFO|WebAirportServer.Repositories.FlightRepo|f4a9f636-0cb4-4906-a737-6681dfc28b66: 1 (17/04/2023 09:27:19) 
[2023-04-17 09:27:19.5131]|User|INFO|WebAirportServer.Repositories.FlightRepo|efd1f165-0aa8-47b8-8e4a-7381aaa0ba23: 3 (17/04/2023 09:27:19) 
[2023-04-17 09:27:20.1251]|User|INFO|WebAirportServer.Repositories.FlightRepo|da0a46a0-3fe8-4d3f-aeec-59c99beb4357: 4 (17/04/2023 09:27:20) 
[2023-04-17 09:27:22.1376]|User|INFO|WebAirportServer.Repositories.FlightRepo|da0a46a0-3fe8-4d3f-aeec-59c99beb4357: Departure from 4 
[2023-04-17 09:27:22.4738]|User|INFO|WebAirportServer.Repositories.FlightRepo|f4a9f636-0cb4-4906-a737-6681dfc28b66: 2 (17/04/2023 09:27:22) 
[2023-04-17 09:27:22.5373]|User|INFO|WebAirportServer.Repositories.FlightRepo|8fda92f3-6aeb-46bf-a726-7e591582c44c: 6 (17/04/2023 09:27:22) 
[2023-04-17 09:27:22.5373]|User|INFO|WebAirportServer.Repositories.FlightRepo|efd1f165-0aa8-47b8-8e4a-7381aaa0ba23: 4 (17/04/2023 09:27:22) 
[2023-04-17 09:27:23.5696]|User|INFO|WebAirportServer.Repositories.FlightRepo|82c14103-1678-4b57-bdca-53d4c65b4c99: 8 (17/04/2023 09:27:23) 
[2023-04-17 09:27:24.5446]|User|INFO|WebAirportServer.Repositories.FlightRepo|efd1f165-0aa8-47b8-8e4a-7381aaa0ba23: 5 (17/04/2023 09:27:24) 
[2023-04-17 09:27:25.4564]|User|INFO|WebAirportServer.Models.Flight|Flight number 9fa0cf48-c3ba-4adc-8779-4714e863d2fd is created 
[2023-04-17 09:27:25.4564]|User|INFO|WebAirportServer.Repositories.FlightRepo|9fa0cf48-c3ba-4adc-8779-4714e863d2fd: 1 (17/04/2023 09:27:25) 
[2023-04-17 09:27:25.4878]|User|INFO|WebAirportServer.Repositories.FlightRepo|f4a9f636-0cb4-4906-a737-6681dfc28b66: 3 (17/04/2023 09:27:25) 
[2023-04-17 09:27:25.5813]|User|INFO|WebAirportServer.Repositories.FlightRepo|82c14103-1678-4b57-bdca-53d4c65b4c99: 4 (17/04/2023 09:27:25) 
[2023-04-17 09:27:27.5985]|User|INFO|WebAirportServer.Repositories.FlightRepo|82c14103-1678-4b57-bdca-53d4c65b4c99: Departure from 4 
[2023-04-17 09:27:28.4805]|User|INFO|WebAirportServer.Repositories.FlightRepo|9fa0cf48-c3ba-4adc-8779-4714e863d2fd: 2 (17/04/2023 09:27:28) 
[2023-04-17 09:27:28.5122]|User|INFO|WebAirportServer.Repositories.FlightRepo|f4a9f636-0cb4-4906-a737-6681dfc28b66: 4 (17/04/2023 09:27:28) 
[2023-04-17 09:27:28.5601]|User|INFO|WebAirportServer.Repositories.FlightRepo|efd1f165-0aa8-47b8-8e4a-7381aaa0ba23: 6 (17/04/2023 09:27:28) 
[2023-04-17 09:27:29.5648]|User|INFO|WebAirportServer.Repositories.FlightRepo|8fda92f3-6aeb-46bf-a726-7e591582c44c: 8 (17/04/2023 09:27:29) 
[2023-04-17 09:27:30.5254]|User|INFO|WebAirportServer.Repositories.FlightRepo|f4a9f636-0cb4-4906-a737-6681dfc28b66: 5 (17/04/2023 09:27:30) 
[2023-04-17 09:27:31.4467]|User|INFO|WebAirportServer.Models.Flight|Flight number f994063c-e7ca-4dd2-96bd-42cbc743d804 is created 
[2023-04-17 09:27:31.4467]|User|INFO|WebAirportServer.Repositories.FlightRepo|f994063c-e7ca-4dd2-96bd-42cbc743d804: 1 (17/04/2023 09:27:31) 
[2023-04-17 09:27:31.4940]|User|INFO|WebAirportServer.Repositories.FlightRepo|9fa0cf48-c3ba-4adc-8779-4714e863d2fd: 3 (17/04/2023 09:27:31) 
[2023-04-17 09:27:31.5866]|User|INFO|WebAirportServer.Repositories.FlightRepo|8fda92f3-6aeb-46bf-a726-7e591582c44c: 4 (17/04/2023 09:27:31) 
[2023-04-17 09:27:33.6051]|User|INFO|WebAirportServer.Repositories.FlightRepo|8fda92f3-6aeb-46bf-a726-7e591582c44c: Departure from 4 
[2023-04-17 09:27:34.4719]|User|INFO|WebAirportServer.Repositories.FlightRepo|f994063c-e7ca-4dd2-96bd-42cbc743d804: 2 (17/04/2023 09:27:34) 
[2023-04-17 09:27:34.5040]|User|INFO|WebAirportServer.Repositories.FlightRepo|9fa0cf48-c3ba-4adc-8779-4714e863d2fd: 4 (17/04/2023 09:27:34) 
[2023-04-17 09:27:34.5356]|User|INFO|WebAirportServer.Repositories.FlightRepo|f4a9f636-0cb4-4906-a737-6681dfc28b66: 6 (17/04/2023 09:27:34) 
[2023-04-17 09:27:35.5925]|User|INFO|WebAirportServer.Repositories.FlightRepo|efd1f165-0aa8-47b8-8e4a-7381aaa0ba23: 8 (17/04/2023 09:27:35) 
[2023-04-17 09:27:36.5248]|User|INFO|WebAirportServer.Repositories.FlightRepo|9fa0cf48-c3ba-4adc-8779-4714e863d2fd: 5 (17/04/2023 09:27:36) 
[2023-04-17 09:27:37.4620]|User|INFO|WebAirportServer.Models.Flight|Flight number c781ac8e-665e-4c50-b650-71466055dc83 is created 
[2023-04-17 09:27:37.4620]|User|INFO|WebAirportServer.Repositories.FlightRepo|c781ac8e-665e-4c50-b650-71466055dc83: 1 (17/04/2023 09:27:37) 
[2023-04-17 09:27:37.4949]|User|INFO|WebAirportServer.Repositories.FlightRepo|f994063c-e7ca-4dd2-96bd-42cbc743d804: 3 (17/04/2023 09:27:37) 
[2023-04-17 09:27:37.6037]|User|INFO|WebAirportServer.Repositories.FlightRepo|efd1f165-0aa8-47b8-8e4a-7381aaa0ba23: 4 (17/04/2023 09:27:37) 
[2023-04-17 09:27:39.6166]|User|INFO|WebAirportServer.Repositories.FlightRepo|efd1f165-0aa8-47b8-8e4a-7381aaa0ba23: Departure from 4 
[2023-04-17 09:27:40.4790]|User|INFO|WebAirportServer.Repositories.FlightRepo|c781ac8e-665e-4c50-b650-71466055dc83: 2 (17/04/2023 09:27:40) 
[2023-04-17 09:27:40.5092]|User|INFO|WebAirportServer.Repositories.FlightRepo|f994063c-e7ca-4dd2-96bd-42cbc743d804: 4 (17/04/2023 09:27:40) 
[2023-04-17 09:27:40.5395]|User|INFO|WebAirportServer.Repositories.FlightRepo|9fa0cf48-c3ba-4adc-8779-4714e863d2fd: 6 (17/04/2023 09:27:40) 
[2023-04-17 09:27:41.5580]|User|INFO|WebAirportServer.Repositories.FlightRepo|f4a9f636-0cb4-4906-a737-6681dfc28b66: 8 (17/04/2023 09:27:41) 
[2023-04-17 09:27:42.5200]|User|INFO|WebAirportServer.Repositories.FlightRepo|f994063c-e7ca-4dd2-96bd-42cbc743d804: 5 (17/04/2023 09:27:42) 
[2023-04-17 09:27:43.4586]|User|INFO|WebAirportServer.Models.Flight|Flight number 1d3d65b0-33fa-4c15-b8ca-a8c12a7f9837 is created 
[2023-04-17 09:27:43.4586]|User|INFO|WebAirportServer.Repositories.FlightRepo|1d3d65b0-33fa-4c15-b8ca-a8c12a7f9837: 1 (17/04/2023 09:27:43) 
[2023-04-17 09:27:43.4895]|User|INFO|WebAirportServer.Repositories.FlightRepo|c781ac8e-665e-4c50-b650-71466055dc83: 3 (17/04/2023 09:27:43) 
[2023-04-17 09:27:43.5693]|User|INFO|WebAirportServer.Repositories.FlightRepo|f4a9f636-0cb4-4906-a737-6681dfc28b66: 4 (17/04/2023 09:27:43) 
[2023-04-17 09:27:45.5837]|User|INFO|WebAirportServer.Repositories.FlightRepo|f4a9f636-0cb4-4906-a737-6681dfc28b66: Departure from 4 
[2023-04-17 09:27:46.4815]|User|INFO|WebAirportServer.Repositories.FlightRepo|1d3d65b0-33fa-4c15-b8ca-a8c12a7f9837: 2 (17/04/2023 09:27:46) 
[2023-04-17 09:27:46.5128]|User|INFO|WebAirportServer.Repositories.FlightRepo|c781ac8e-665e-4c50-b650-71466055dc83: 4 (17/04/2023 09:27:46) 
[2023-04-17 09:27:46.5435]|User|INFO|WebAirportServer.Repositories.FlightRepo|f994063c-e7ca-4dd2-96bd-42cbc743d804: 6 (17/04/2023 09:27:46) 
[2023-04-17 09:51:26.8918]|User|INFO|Microsoft.Hosting.Lifetime|Now listening on: https://localhost:7254 
[2023-04-17 09:51:26.9096]|User|INFO|Microsoft.Hosting.Lifetime|Now listening on: http://localhost:5009 
[2023-04-17 09:51:26.9096]|User|INFO|Microsoft.Hosting.Lifetime|Application started. Press Ctrl+C to shut down. 
[2023-04-17 09:51:26.9096]|User|INFO|Microsoft.Hosting.Lifetime|Hosting environment: Development 
[2023-04-17 09:51:26.9096]|User|INFO|Microsoft.Hosting.Lifetime|Content root path: C:\Users\User\Desktop\קורס סלע\FinalProject\WebAirportServer\WebAirportServer\WebAirportServer 
[2023-04-17 09:51:39.1106]|User|INFO|WebAirportServer.Models.Flight|Flight number 01732115-318c-4c1a-9e72-491a9d3bd4b4 is created 
[2023-04-17 09:51:39.3745]|User|INFO|WebAirportServer.Repositories.FlightRepo|01732115-318c-4c1a-9e72-491a9d3bd4b4: 1 (17/04/2023 09:51:39) 
[2023-04-17 09:51:42.4424]|User|INFO|WebAirportServer.Repositories.FlightRepo|01732115-318c-4c1a-9e72-491a9d3bd4b4: 2 (17/04/2023 09:51:42) 
[2023-04-17 09:51:46.4653]|User|INFO|WebAirportServer.Repositories.FlightRepo|01732115-318c-4c1a-9e72-491a9d3bd4b4: 3 (17/04/2023 09:51:46) 
[2023-04-17 09:51:50.7884]|User|INFO|WebAirportServer.Models.Flight|Flight number 9ea6fe43-9055-4d74-b385-ba281957ad7f is created 
[2023-04-17 09:51:50.7884]|User|INFO|WebAirportServer.Repositories.FlightRepo|9ea6fe43-9055-4d74-b385-ba281957ad7f: 1 (17/04/2023 09:51:50) 
[2023-04-17 09:51:51.4814]|User|INFO|WebAirportServer.Repositories.FlightRepo|01732115-318c-4c1a-9e72-491a9d3bd4b4: 4 (17/04/2023 09:51:51) 
[2023-04-17 09:51:53.4963]|User|INFO|WebAirportServer.Repositories.FlightRepo|01732115-318c-4c1a-9e72-491a9d3bd4b4: 5 (17/04/2023 09:51:53) 
[2023-04-17 09:51:53.8064]|User|INFO|WebAirportServer.Repositories.FlightRepo|9ea6fe43-9055-4d74-b385-ba281957ad7f: 2 (17/04/2023 09:51:53) 
[2023-04-17 09:51:57.5308]|User|INFO|WebAirportServer.Repositories.FlightRepo|01732115-318c-4c1a-9e72-491a9d3bd4b4: 6 (17/04/2023 09:51:57) 
[2023-04-17 09:51:57.8282]|User|INFO|WebAirportServer.Repositories.FlightRepo|9ea6fe43-9055-4d74-b385-ba281957ad7f: 3 (17/04/2023 09:51:57) 
[2023-04-17 09:52:02.7875]|User|INFO|WebAirportServer.Models.Flight|Flight number c0d3568c-3375-483c-9c17-41ac0708eac6 is created 
[2023-04-17 09:52:02.7875]|User|INFO|WebAirportServer.Repositories.FlightRepo|c0d3568c-3375-483c-9c17-41ac0708eac6: 1 (17/04/2023 09:52:02) 
[2023-04-17 09:52:02.8501]|User|INFO|WebAirportServer.Repositories.FlightRepo|9ea6fe43-9055-4d74-b385-ba281957ad7f: 4 (17/04/2023 09:52:02) 
[2023-04-17 09:52:04.5500]|User|INFO|WebAirportServer.Repositories.FlightRepo|01732115-318c-4c1a-9e72-491a9d3bd4b4: 8 (17/04/2023 09:52:04) 
[2023-04-17 09:52:04.8643]|User|INFO|WebAirportServer.Repositories.FlightRepo|9ea6fe43-9055-4d74-b385-ba281957ad7f: 5 (17/04/2023 09:52:04) 
[2023-04-17 09:52:05.8022]|User|INFO|WebAirportServer.Repositories.FlightRepo|c0d3568c-3375-483c-9c17-41ac0708eac6: 2 (17/04/2023 09:52:05) 
[2023-04-17 09:52:08.5731]|User|INFO|WebAirportServer.Repositories.FlightRepo|01732115-318c-4c1a-9e72-491a9d3bd4b4: 4 (17/04/2023 09:52:08) 
[2023-04-17 09:52:08.8819]|User|INFO|WebAirportServer.Repositories.FlightRepo|9ea6fe43-9055-4d74-b385-ba281957ad7f: 6 (17/04/2023 09:52:08) 
[2023-04-17 09:52:09.8193]|User|INFO|WebAirportServer.Repositories.FlightRepo|c0d3568c-3375-483c-9c17-41ac0708eac6: 3 (17/04/2023 09:52:09) 
[2023-04-17 09:52:10.5846]|User|INFO|WebAirportServer.Repositories.FlightRepo|01732115-318c-4c1a-9e72-491a9d3bd4b4: Departure from 4 
[2023-04-17 09:52:14.7708]|User|INFO|WebAirportServer.Models.Flight|Flight number 3a561177-2a7b-4e60-a6df-f91694aebe54 is created 
[2023-04-17 09:52:14.7708]|User|INFO|WebAirportServer.Repositories.FlightRepo|3a561177-2a7b-4e60-a6df-f91694aebe54: 1 (17/04/2023 09:52:14) 
[2023-04-17 09:52:14.8513]|User|INFO|WebAirportServer.Repositories.FlightRepo|c0d3568c-3375-483c-9c17-41ac0708eac6: 4 (17/04/2023 09:52:14) 
[2023-04-17 09:52:15.9092]|User|INFO|WebAirportServer.Repositories.FlightRepo|9ea6fe43-9055-4d74-b385-ba281957ad7f: 8 (17/04/2023 09:52:15) 
[2023-04-17 09:52:16.8697]|User|INFO|WebAirportServer.Repositories.FlightRepo|c0d3568c-3375-483c-9c17-41ac0708eac6: 5 (17/04/2023 09:52:16) 
[2023-04-17 09:52:17.7892]|User|INFO|WebAirportServer.Repositories.FlightRepo|3a561177-2a7b-4e60-a6df-f91694aebe54: 2 (17/04/2023 09:52:17) 
[2023-04-17 09:52:19.9346]|User|INFO|WebAirportServer.Repositories.FlightRepo|9ea6fe43-9055-4d74-b385-ba281957ad7f: 4 (17/04/2023 09:52:19) 
[2023-04-17 09:52:20.8847]|User|INFO|WebAirportServer.Repositories.FlightRepo|c0d3568c-3375-483c-9c17-41ac0708eac6: 6 (17/04/2023 09:52:20) 
[2023-04-17 09:52:21.8053]|User|INFO|WebAirportServer.Repositories.FlightRepo|3a561177-2a7b-4e60-a6df-f91694aebe54: 3 (17/04/2023 09:52:21) 
[2023-04-17 09:52:21.9433]|User|INFO|WebAirportServer.Repositories.FlightRepo|9ea6fe43-9055-4d74-b385-ba281957ad7f: Departure from 4 
[2023-04-17 09:52:26.7772]|User|INFO|WebAirportServer.Models.Flight|Flight number b80b4b87-c6b0-45d0-84f4-c2cb5f82abbf is created 
[2023-04-17 09:52:26.7772]|User|INFO|WebAirportServer.Repositories.FlightRepo|b80b4b87-c6b0-45d0-84f4-c2cb5f82abbf: 1 (17/04/2023 09:52:26) 
[2023-04-17 09:52:26.8246]|User|INFO|WebAirportServer.Repositories.FlightRepo|3a561177-2a7b-4e60-a6df-f91694aebe54: 4 (17/04/2023 09:52:26) 
[2023-04-17 09:52:27.9188]|User|INFO|WebAirportServer.Repositories.FlightRepo|c0d3568c-3375-483c-9c17-41ac0708eac6: 8 (17/04/2023 09:52:27) 
[2023-04-17 09:52:35.7799]|User|INFO|Microsoft.Hosting.Lifetime|Now listening on: https://localhost:7254 
[2023-04-17 09:52:35.7965]|User|INFO|Microsoft.Hosting.Lifetime|Now listening on: http://localhost:5009 
[2023-04-17 09:52:35.7965]|User|INFO|Microsoft.Hosting.Lifetime|Application started. Press Ctrl+C to shut down. 
[2023-04-17 09:52:35.7965]|User|INFO|Microsoft.Hosting.Lifetime|Hosting environment: Development 
[2023-04-17 09:52:35.7965]|User|INFO|Microsoft.Hosting.Lifetime|Content root path: C:\Users\User\Desktop\קורס סלע\FinalProject\WebAirportServer\WebAirportServer\WebAirportServer 
[2023-04-17 09:52:44.0210]|User|INFO|WebAirportServer.Models.Flight|Flight number 853a80fb-c85e-4284-9fc7-95b1e10bba2a is created 
[2023-04-17 09:52:44.3301]|User|INFO|WebAirportServer.Repositories.FlightRepo|853a80fb-c85e-4284-9fc7-95b1e10bba2a: 1 (17/04/2023 09:52:44) 
[2023-04-17 09:52:47.4097]|User|INFO|WebAirportServer.Repositories.FlightRepo|853a80fb-c85e-4284-9fc7-95b1e10bba2a: 2 (17/04/2023 09:52:47) 
[2023-04-17 09:52:51.4391]|User|INFO|WebAirportServer.Repositories.FlightRepo|853a80fb-c85e-4284-9fc7-95b1e10bba2a: 3 (17/04/2023 09:52:51) 
[2023-04-17 09:52:51.7044]|User|INFO|WebAirportServer.Models.Flight|Flight number 80424e09-54cc-446a-b1b6-62bfb6dde981 is created 
[2023-04-17 09:52:51.7084]|User|INFO|WebAirportServer.Repositories.FlightRepo|80424e09-54cc-446a-b1b6-62bfb6dde981: 1 (17/04/2023 09:52:51) 
[2023-04-17 09:52:54.7200]|User|INFO|WebAirportServer.Repositories.FlightRepo|80424e09-54cc-446a-b1b6-62bfb6dde981: 2 (17/04/2023 09:52:54) 
[2023-04-17 09:52:56.4608]|User|INFO|WebAirportServer.Repositories.FlightRepo|853a80fb-c85e-4284-9fc7-95b1e10bba2a: 4 (17/04/2023 09:52:56) 
[2023-04-17 09:52:58.4682]|User|INFO|WebAirportServer.Repositories.FlightRepo|853a80fb-c85e-4284-9fc7-95b1e10bba2a: 5 (17/04/2023 09:52:58) 
[2023-04-17 09:52:58.7325]|User|INFO|WebAirportServer.Repositories.FlightRepo|80424e09-54cc-446a-b1b6-62bfb6dde981: 3 (17/04/2023 09:52:58) 
[2023-04-17 09:52:59.7103]|User|INFO|WebAirportServer.Models.Flight|Flight number fff9a9ef-96a7-4017-a523-6d1f1b0e1cfa is created 
[2023-04-17 09:52:59.7103]|User|INFO|WebAirportServer.Repositories.FlightRepo|fff9a9ef-96a7-4017-a523-6d1f1b0e1cfa: 1 (17/04/2023 09:52:59) 
[2023-04-17 09:53:02.4813]|User|INFO|WebAirportServer.Repositories.FlightRepo|853a80fb-c85e-4284-9fc7-95b1e10bba2a: 6 (17/04/2023 09:53:02) 
[2023-04-17 09:53:02.7307]|User|INFO|WebAirportServer.Repositories.FlightRepo|fff9a9ef-96a7-4017-a523-6d1f1b0e1cfa: 2 (17/04/2023 09:53:02) 
[2023-04-17 09:53:03.7479]|User|INFO|WebAirportServer.Repositories.FlightRepo|80424e09-54cc-446a-b1b6-62bfb6dde981: 4 (17/04/2023 09:53:03) 
[2023-04-17 09:53:05.7637]|User|INFO|WebAirportServer.Repositories.FlightRepo|80424e09-54cc-446a-b1b6-62bfb6dde981: 5 (17/04/2023 09:53:05) 
[2023-04-17 09:53:06.7625]|User|INFO|WebAirportServer.Repositories.FlightRepo|fff9a9ef-96a7-4017-a523-6d1f1b0e1cfa: 3 (17/04/2023 09:53:06) 
[2023-04-17 09:53:07.7014]|User|INFO|WebAirportServer.Models.Flight|Flight number f069ca32-e12a-4ffe-a70c-defc15c85cec is created 
[2023-04-17 09:53:07.7014]|User|INFO|WebAirportServer.Repositories.FlightRepo|f069ca32-e12a-4ffe-a70c-defc15c85cec: 1 (17/04/2023 09:53:07) 
[2023-04-17 09:53:09.5178]|User|INFO|WebAirportServer.Repositories.FlightRepo|853a80fb-c85e-4284-9fc7-95b1e10bba2a: 8 (17/04/2023 09:53:09) 
[2023-04-17 09:53:09.7829]|User|INFO|WebAirportServer.Repositories.FlightRepo|80424e09-54cc-446a-b1b6-62bfb6dde981: 6 (17/04/2023 09:53:09) 
[2023-04-17 09:53:10.7242]|User|INFO|WebAirportServer.Repositories.FlightRepo|f069ca32-e12a-4ffe-a70c-defc15c85cec: 2 (17/04/2023 09:53:10) 
[2023-04-17 09:53:11.7773]|User|INFO|WebAirportServer.Repositories.FlightRepo|fff9a9ef-96a7-4017-a523-6d1f1b0e1cfa: 4 (17/04/2023 09:53:11) 
[2023-04-17 09:53:13.5371]|User|INFO|WebAirportServer.Repositories.FlightRepo|853a80fb-c85e-4284-9fc7-95b1e10bba2a: 4 (17/04/2023 09:53:13) 
[2023-04-17 09:53:13.7866]|User|INFO|WebAirportServer.Repositories.FlightRepo|fff9a9ef-96a7-4017-a523-6d1f1b0e1cfa: 5 (17/04/2023 09:53:13) 
[2023-04-17 09:53:14.7467]|User|INFO|WebAirportServer.Repositories.FlightRepo|f069ca32-e12a-4ffe-a70c-defc15c85cec: 3 (17/04/2023 09:53:14) 
[2023-04-17 09:53:15.5576]|User|INFO|WebAirportServer.Repositories.FlightRepo|853a80fb-c85e-4284-9fc7-95b1e10bba2a: Departure from 4 
[2023-04-17 09:53:15.7000]|User|INFO|WebAirportServer.Models.Flight|Flight number 8aea24e3-d2ed-4683-a28e-1b78a4a8e2fa is created 
[2023-04-17 09:53:15.7000]|User|INFO|WebAirportServer.Repositories.FlightRepo|8aea24e3-d2ed-4683-a28e-1b78a4a8e2fa: 1 (17/04/2023 09:53:15) 
[2023-04-17 09:53:16.8008]|User|INFO|WebAirportServer.Repositories.FlightRepo|80424e09-54cc-446a-b1b6-62bfb6dde981: 8 (17/04/2023 09:53:16) 
[2023-04-17 09:53:17.8070]|User|INFO|WebAirportServer.Repositories.FlightRepo|fff9a9ef-96a7-4017-a523-6d1f1b0e1cfa: 6 (17/04/2023 09:53:17) 
[2023-04-17 09:53:18.7185]|User|INFO|WebAirportServer.Repositories.FlightRepo|8aea24e3-d2ed-4683-a28e-1b78a4a8e2fa: 2 (17/04/2023 09:53:18) 
[2023-04-17 09:53:19.7603]|User|INFO|WebAirportServer.Repositories.FlightRepo|f069ca32-e12a-4ffe-a70c-defc15c85cec: 4 (17/04/2023 09:53:19) 
[2023-04-17 09:53:20.8161]|User|INFO|WebAirportServer.Repositories.FlightRepo|80424e09-54cc-446a-b1b6-62bfb6dde981: 4 (17/04/2023 09:53:20) 
[2023-04-17 09:53:21.8131]|User|INFO|WebAirportServer.Repositories.FlightRepo|f069ca32-e12a-4ffe-a70c-defc15c85cec: 5 (17/04/2023 09:53:21) 
[2023-04-17 09:53:22.7346]|User|INFO|WebAirportServer.Repositories.FlightRepo|8aea24e3-d2ed-4683-a28e-1b78a4a8e2fa: 3 (17/04/2023 09:53:22) 
[2023-04-17 09:53:22.8272]|User|INFO|WebAirportServer.Repositories.FlightRepo|80424e09-54cc-446a-b1b6-62bfb6dde981: Departure from 4 
[2023-04-17 09:53:23.7006]|User|INFO|WebAirportServer.Models.Flight|Flight number 88c1857e-5d74-4729-81d1-637c1d5ac80a is created 
[2023-04-17 09:53:23.7006]|User|INFO|WebAirportServer.Repositories.FlightRepo|88c1857e-5d74-4729-81d1-637c1d5ac80a: 1 (17/04/2023 09:53:23) 
[2023-04-17 09:53:24.8332]|User|INFO|WebAirportServer.Repositories.FlightRepo|fff9a9ef-96a7-4017-a523-6d1f1b0e1cfa: 8 (17/04/2023 09:53:24) 
[2023-04-17 09:53:25.8247]|User|INFO|WebAirportServer.Repositories.FlightRepo|f069ca32-e12a-4ffe-a70c-defc15c85cec: 6 (17/04/2023 09:53:25) 
[2023-04-17 09:53:26.7142]|User|INFO|WebAirportServer.Repositories.FlightRepo|88c1857e-5d74-4729-81d1-637c1d5ac80a: 2 (17/04/2023 09:53:26) 
[2023-04-17 09:53:27.7552]|User|INFO|WebAirportServer.Repositories.FlightRepo|8aea24e3-d2ed-4683-a28e-1b78a4a8e2fa: 4 (17/04/2023 09:53:27) 
[2023-04-17 09:53:28.8577]|User|INFO|WebAirportServer.Repositories.FlightRepo|fff9a9ef-96a7-4017-a523-6d1f1b0e1cfa: 4 (17/04/2023 09:53:28) 
[2023-04-17 09:53:29.7673]|User|INFO|WebAirportServer.Repositories.FlightRepo|8aea24e3-d2ed-4683-a28e-1b78a4a8e2fa: 5 (17/04/2023 09:53:29) 
[2023-04-17 09:53:30.7386]|User|INFO|WebAirportServer.Repositories.FlightRepo|88c1857e-5d74-4729-81d1-637c1d5ac80a: 3 (17/04/2023 09:53:30) 
[2023-04-17 09:53:30.8748]|User|INFO|WebAirportServer.Repositories.FlightRepo|fff9a9ef-96a7-4017-a523-6d1f1b0e1cfa: Departure from 4 
[2023-04-17 09:53:31.7035]|User|INFO|WebAirportServer.Models.Flight|Flight number 25d51dd6-c8e5-4069-ae64-c19c031a0d2f is created 
[2023-04-17 09:53:31.7065]|User|INFO|WebAirportServer.Repositories.FlightRepo|25d51dd6-c8e5-4069-ae64-c19c031a0d2f: 1 (17/04/2023 09:53:31) 
[2023-04-17 09:53:32.8499]|User|INFO|WebAirportServer.Repositories.FlightRepo|f069ca32-e12a-4ffe-a70c-defc15c85cec: 8 (17/04/2023 09:53:32) 
[2023-04-17 09:53:33.7840]|User|INFO|WebAirportServer.Repositories.FlightRepo|8aea24e3-d2ed-4683-a28e-1b78a4a8e2fa: 6 (17/04/2023 09:53:33) 
[2023-04-17 09:53:34.7291]|User|INFO|WebAirportServer.Repositories.FlightRepo|25d51dd6-c8e5-4069-ae64-c19c031a0d2f: 2 (17/04/2023 09:53:34) 
[2023-04-17 09:53:35.7673]|User|INFO|WebAirportServer.Repositories.FlightRepo|88c1857e-5d74-4729-81d1-637c1d5ac80a: 4 (17/04/2023 09:53:35) 
[2023-04-17 09:53:36.8703]|User|INFO|WebAirportServer.Repositories.FlightRepo|f069ca32-e12a-4ffe-a70c-defc15c85cec: 4 (17/04/2023 09:53:36) 
[2023-04-17 09:53:37.7798]|User|INFO|WebAirportServer.Repositories.FlightRepo|88c1857e-5d74-4729-81d1-637c1d5ac80a: 5 (17/04/2023 09:53:37) 
[2023-04-17 09:53:38.7416]|User|INFO|WebAirportServer.Repositories.FlightRepo|25d51dd6-c8e5-4069-ae64-c19c031a0d2f: 3 (17/04/2023 09:53:38) 
[2023-04-17 09:53:38.8815]|User|INFO|WebAirportServer.Repositories.FlightRepo|f069ca32-e12a-4ffe-a70c-defc15c85cec: Departure from 4 
[2023-04-17 09:53:39.6971]|User|INFO|WebAirportServer.Models.Flight|Flight number 4cd01d31-559d-41fc-b4f5-eff8ed8bafb7 is created 
[2023-04-17 09:53:39.6971]|User|INFO|WebAirportServer.Repositories.FlightRepo|4cd01d31-559d-41fc-b4f5-eff8ed8bafb7: 1 (17/04/2023 09:53:39) 
[2023-04-17 09:53:40.7972]|User|INFO|WebAirportServer.Repositories.FlightRepo|8aea24e3-d2ed-4683-a28e-1b78a4a8e2fa: 8 (17/04/2023 09:53:40) 
[2023-04-17 09:53:41.7993]|User|INFO|WebAirportServer.Repositories.FlightRepo|88c1857e-5d74-4729-81d1-637c1d5ac80a: 6 (17/04/2023 09:53:41) 
[2023-04-17 09:53:42.7097]|User|INFO|WebAirportServer.Repositories.FlightRepo|4cd01d31-559d-41fc-b4f5-eff8ed8bafb7: 2 (17/04/2023 09:53:42) 
[2023-04-17 09:53:43.7593]|User|INFO|WebAirportServer.Repositories.FlightRepo|25d51dd6-c8e5-4069-ae64-c19c031a0d2f: 4 (17/04/2023 09:53:43) 
[2023-04-17 09:53:44.8270]|User|INFO|WebAirportServer.Repositories.FlightRepo|8aea24e3-d2ed-4683-a28e-1b78a4a8e2fa: 4 (17/04/2023 09:53:44) 
[2023-04-17 09:53:45.7722]|User|INFO|WebAirportServer.Repositories.FlightRepo|25d51dd6-c8e5-4069-ae64-c19c031a0d2f: 5 (17/04/2023 09:53:45) 
[2023-04-17 09:53:46.7293]|User|INFO|WebAirportServer.Repositories.FlightRepo|4cd01d31-559d-41fc-b4f5-eff8ed8bafb7: 3 (17/04/2023 09:53:46) 
[2023-04-17 09:53:46.8320]|User|INFO|WebAirportServer.Repositories.FlightRepo|8aea24e3-d2ed-4683-a28e-1b78a4a8e2fa: Departure from 4 
[2023-04-17 09:53:47.6979]|User|INFO|WebAirportServer.Models.Flight|Flight number 1c63088b-996b-48b1-8081-b6da2e193bb5 is created 
[2023-04-17 09:53:47.6979]|User|INFO|WebAirportServer.Repositories.FlightRepo|1c63088b-996b-48b1-8081-b6da2e193bb5: 1 (17/04/2023 09:53:47) 
[2023-04-17 09:53:48.8236]|User|INFO|WebAirportServer.Repositories.FlightRepo|88c1857e-5d74-4729-81d1-637c1d5ac80a: 8 (17/04/2023 09:53:48) 
[2023-04-17 09:53:49.7874]|User|INFO|WebAirportServer.Repositories.FlightRepo|25d51dd6-c8e5-4069-ae64-c19c031a0d2f: 6 (17/04/2023 09:53:49) 
[2023-04-17 09:58:08.9327]|User|INFO|Microsoft.Hosting.Lifetime|Now listening on: https://localhost:7254 
[2023-04-17 09:58:08.9622]|User|INFO|Microsoft.Hosting.Lifetime|Now listening on: http://localhost:5009 
[2023-04-17 09:58:08.9622]|User|INFO|Microsoft.Hosting.Lifetime|Application started. Press Ctrl+C to shut down. 
[2023-04-17 09:58:08.9622]|User|INFO|Microsoft.Hosting.Lifetime|Hosting environment: Development 
[2023-04-17 09:58:08.9622]|User|INFO|Microsoft.Hosting.Lifetime|Content root path: C:\Users\User\Desktop\קורס סלע\FinalProject\WebAirportServer\WebAirportServer\WebAirportServer 
[2023-04-17 09:58:38.7330]|User|INFO|Microsoft.Hosting.Lifetime|Now listening on: https://localhost:7254 
[2023-04-17 09:58:38.7543]|User|INFO|Microsoft.Hosting.Lifetime|Now listening on: http://localhost:5009 
[2023-04-17 09:58:38.7543]|User|INFO|Microsoft.Hosting.Lifetime|Application started. Press Ctrl+C to shut down. 
[2023-04-17 09:58:38.7543]|User|INFO|Microsoft.Hosting.Lifetime|Hosting environment: Development 
[2023-04-17 09:58:38.7543]|User|INFO|Microsoft.Hosting.Lifetime|Content root path: C:\Users\User\Desktop\קורס סלע\FinalProject\WebAirportServer\WebAirportServer\WebAirportServer 
[2023-04-17 09:58:50.1936]|User|INFO|WebAirportServer.Models.Flight|Flight number f43b26e0-e591-4c99-8d31-e62d8db93602 is created 
[2023-04-17 09:58:50.6827]|User|INFO|WebAirportServer.Repositories.FlightRepo|f43b26e0-e591-4c99-8d31-e62d8db93602: 1 (17/04/2023 09:58:50) 
[2023-04-17 09:58:53.8090]|User|INFO|WebAirportServer.Repositories.FlightRepo|f43b26e0-e591-4c99-8d31-e62d8db93602: 2 (17/04/2023 09:58:53) 
[2023-04-17 09:58:57.8460]|User|INFO|WebAirportServer.Repositories.FlightRepo|f43b26e0-e591-4c99-8d31-e62d8db93602: 3 (17/04/2023 09:58:57) 
[2023-04-17 09:59:01.5352]|User|INFO|WebAirportServer.Models.Flight|Flight number 45df22df-f6fe-4f8b-b071-71cf6f2d1daf is created 
[2023-04-17 09:59:01.5352]|User|INFO|WebAirportServer.Repositories.FlightRepo|45df22df-f6fe-4f8b-b071-71cf6f2d1daf: 1 (17/04/2023 09:59:01) 
[2023-04-17 09:59:02.8759]|User|INFO|WebAirportServer.Repositories.FlightRepo|f43b26e0-e591-4c99-8d31-e62d8db93602: 4 (17/04/2023 09:59:02) 
[2023-04-17 09:59:04.5599]|User|INFO|WebAirportServer.Repositories.FlightRepo|45df22df-f6fe-4f8b-b071-71cf6f2d1daf: 2 (17/04/2023 09:59:04) 
[2023-04-17 09:59:04.8958]|User|INFO|WebAirportServer.Repositories.FlightRepo|f43b26e0-e591-4c99-8d31-e62d8db93602: 5 (17/04/2023 09:59:04) 
[2023-04-17 09:59:08.5785]|User|INFO|WebAirportServer.Repositories.FlightRepo|45df22df-f6fe-4f8b-b071-71cf6f2d1daf: 3 (17/04/2023 09:59:08) 
[2023-04-17 09:59:08.9213]|User|INFO|WebAirportServer.Repositories.FlightRepo|f43b26e0-e591-4c99-8d31-e62d8db93602: 6 (17/04/2023 09:59:08) 
[2023-04-17 09:59:13.5247]|User|INFO|WebAirportServer.Models.Flight|Flight number c0d557cf-9275-4114-acfc-fb33592c12e6 is created 
[2023-04-17 09:59:13.5247]|User|INFO|WebAirportServer.Repositories.FlightRepo|c0d557cf-9275-4114-acfc-fb33592c12e6: 1 (17/04/2023 09:59:13) 
[2023-04-17 09:59:13.6111]|User|INFO|WebAirportServer.Repositories.FlightRepo|45df22df-f6fe-4f8b-b071-71cf6f2d1daf: 4 (17/04/2023 09:59:13) 
[2023-04-17 09:59:15.6432]|User|INFO|WebAirportServer.Repositories.FlightRepo|45df22df-f6fe-4f8b-b071-71cf6f2d1daf: 5 (17/04/2023 09:59:15) 
[2023-04-17 09:59:15.9558]|User|INFO|WebAirportServer.Repositories.FlightRepo|f43b26e0-e591-4c99-8d31-e62d8db93602: 8 (17/04/2023 09:59:15) 
[2023-04-17 09:59:16.5387]|User|INFO|WebAirportServer.Repositories.FlightRepo|c0d557cf-9275-4114-acfc-fb33592c12e6: 2 (17/04/2023 09:59:16) 
[2023-04-17 09:59:19.6608]|User|INFO|WebAirportServer.Repositories.FlightRepo|45df22df-f6fe-4f8b-b071-71cf6f2d1daf: 6 (17/04/2023 09:59:19) 
[2023-04-17 09:59:19.9742]|User|INFO|WebAirportServer.Repositories.FlightRepo|f43b26e0-e591-4c99-8d31-e62d8db93602: 4 (17/04/2023 09:59:19) 
[2023-04-17 09:59:20.5632]|User|INFO|WebAirportServer.Repositories.FlightRepo|c0d557cf-9275-4114-acfc-fb33592c12e6: 3 (17/04/2023 09:59:20) 
[2023-04-17 09:59:21.9923]|User|INFO|WebAirportServer.Repositories.FlightRepo|f43b26e0-e591-4c99-8d31-e62d8db93602: Departure from 4 
[2023-04-17 09:59:25.5160]|User|INFO|WebAirportServer.Models.Flight|Flight number e2f08dad-b26a-4c8e-bc4c-a938630f2b42 is created 
[2023-04-17 09:59:25.5255]|User|INFO|WebAirportServer.Repositories.FlightRepo|e2f08dad-b26a-4c8e-bc4c-a938630f2b42: 1 (17/04/2023 09:59:25) 
[2023-04-17 09:59:25.5943]|User|INFO|WebAirportServer.Repositories.FlightRepo|c0d557cf-9275-4114-acfc-fb33592c12e6: 4 (17/04/2023 09:59:25) 
[2023-04-17 09:59:26.7023]|User|INFO|WebAirportServer.Repositories.FlightRepo|45df22df-f6fe-4f8b-b071-71cf6f2d1daf: 8 (17/04/2023 09:59:26) 
[2023-04-17 09:59:27.6200]|User|INFO|WebAirportServer.Repositories.FlightRepo|c0d557cf-9275-4114-acfc-fb33592c12e6: 5 (17/04/2023 09:59:27) 
[2023-04-17 09:59:28.5521]|User|INFO|WebAirportServer.Repositories.FlightRepo|e2f08dad-b26a-4c8e-bc4c-a938630f2b42: 2 (17/04/2023 09:59:28) 
[2023-04-17 09:59:30.7206]|User|INFO|WebAirportServer.Repositories.FlightRepo|45df22df-f6fe-4f8b-b071-71cf6f2d1daf: 4 (17/04/2023 09:59:30) 
[2023-04-17 09:59:31.6469]|User|INFO|WebAirportServer.Repositories.FlightRepo|c0d557cf-9275-4114-acfc-fb33592c12e6: 6 (17/04/2023 09:59:31) 
[2023-04-17 09:59:32.5799]|User|INFO|WebAirportServer.Repositories.FlightRepo|e2f08dad-b26a-4c8e-bc4c-a938630f2b42: 3 (17/04/2023 09:59:32) 
[2023-04-17 09:59:32.7326]|User|INFO|WebAirportServer.Repositories.FlightRepo|45df22df-f6fe-4f8b-b071-71cf6f2d1daf: Departure from 4 
[2023-04-17 09:59:37.5196]|User|INFO|WebAirportServer.Models.Flight|Flight number 58ea7705-300f-449a-b6c5-3881de285281 is created 
[2023-04-17 09:59:37.5196]|User|INFO|WebAirportServer.Repositories.FlightRepo|58ea7705-300f-449a-b6c5-3881de285281: 1 (17/04/2023 09:59:37) 
[2023-04-17 09:59:37.6010]|User|INFO|WebAirportServer.Repositories.FlightRepo|e2f08dad-b26a-4c8e-bc4c-a938630f2b42: 4 (17/04/2023 09:59:37) 
[2023-04-17 09:59:38.6682]|User|INFO|WebAirportServer.Repositories.FlightRepo|c0d557cf-9275-4114-acfc-fb33592c12e6: 8 (17/04/2023 09:59:38) 
[2023-04-17 09:59:39.6264]|User|INFO|WebAirportServer.Repositories.FlightRepo|e2f08dad-b26a-4c8e-bc4c-a938630f2b42: 5 (17/04/2023 09:59:39) 
